Data: 13-02-2024 22:21:41 (UTC)
 Page: /category/page/property
 Error: Undefined variable $v
 File: /App/Views/martup/site/filter.tpl
 String: 7
--------------------------------------------------------------------------------------
Data: 13-02-2024 22:21:41 (UTC)
 Page: /category/page/property
 Error: Trying to access array offset on value of type null
 File: /App/Views/martup/site/filter.tpl
 String: 7
--------------------------------------------------------------------------------------
Data: 13-02-2024 22:21:41 (UTC)
 Page: /category/page/property
 Error: Undefined variable $v
 File: /App/Views/martup/site/filter.tpl
 String: 8
--------------------------------------------------------------------------------------
Data: 13-02-2024 22:21:41 (UTC)
 Page: /category/page/property
 Error: Trying to access array offset on value of type null
 File: /App/Views/martup/site/filter.tpl
 String: 8
--------------------------------------------------------------------------------------
Data: 13-02-2024 23:19:00 (UTC)
 Page: /category/page/Work_and_training
 Error: Undefined variable $v
 File: /App/Views/martup/site/filter.tpl
 String: 7
--------------------------------------------------------------------------------------
Data: 13-02-2024 23:19:00 (UTC)
 Page: /category/page/Work_and_training
 Error: Trying to access array offset on value of type null
 File: /App/Views/martup/site/filter.tpl
 String: 7
--------------------------------------------------------------------------------------
Data: 13-02-2024 23:19:00 (UTC)
 Page: /category/page/Work_and_training
 Error: Undefined variable $v
 File: /App/Views/martup/site/filter.tpl
 String: 8
--------------------------------------------------------------------------------------
Data: 13-02-2024 23:19:00 (UTC)
 Page: /category/page/Work_and_training
 Error: Trying to access array offset on value of type null
 File: /App/Views/martup/site/filter.tpl
 String: 8
--------------------------------------------------------------------------------------
Data: 14-02-2024 06:17:00 (UTC)
 Page: /adverts/page/Trilocale_via_Santa_Bona_Nuova,_Santa_Bona_Nuova,_Treviso
 Error: Undefined variable $test_drive
 File: /App/Views/martup/site/adverts.tpl
 String: 78
--------------------------------------------------------------------------------------
Data: 14-02-2024 08:18:24 (UTC)
 Page: /portfolio/user/Monica
 Error: Trying to access array offset on value of type bool
 File: /App/Views/martup/site/page_portfolio.tpl
 String: 91
--------------------------------------------------------------------------------------
Data: 14-02-2024 12:39:32 (UTC)
 Page: /vacancies/category/acquisti-logistica-magazzino
 Error: Trying to access array offset on value of type bool
 File: /App/Controllers/VacanciesController.php
 String: 67
--------------------------------------------------------------------------------------
Data: 14-02-2024 12:41:36 (UTC)
 Page: /vacancies/category/transport-traslochi-logistica
 Error: Trying to access array offset on value of type bool
 File: /App/Controllers/VacanciesController.php
 String: 67
--------------------------------------------------------------------------------------
Data: 14-02-2024 13:35:35 (UTC)
 Page: /vacancies/category/acquisti-logistica-magazzino
 Error: Trying to access array offset on value of type bool
 File: /App/Controllers/VacanciesController.php
 String: 67
--------------------------------------------------------------------------------------
Data: 14-02-2024 13:38:50 (UTC)
 Page: /adverts/page/Media/images/adverts/356/20220906092446943.png
 Error: Trying to access array offset on value of type bool
 File: /App/Controllers/AdvertsController.php
 String: 24
--------------------------------------------------------------------------------------
Data: 14-02-2024 13:38:50 (UTC)
 Page: /adverts/page/Media/images/adverts/356/20220906092446943.png
 Error: Trying to access array offset on value of type bool
 File: /App/Controllers/AdvertsController.php
 String: 25
--------------------------------------------------------------------------------------
Data: 14-02-2024 13:38:50 (UTC)
 Page: /adverts/page/Media/images/adverts/356/20220906092446943.png
 Error: Trying to access array offset on value of type bool
 File: /App/Controllers/AdvertsController.php
 String: 27
--------------------------------------------------------------------------------------
Data: 14-02-2024 13:38:50 (UTC)
 Page: /adverts/page/Media/images/adverts/356/20220906092446943.png
 Error: Trying to access array offset on value of type bool
 File: /App/Controllers/AdvertsController.php
 String: 31
--------------------------------------------------------------------------------------
Data: 14-02-2024 13:38:50 (UTC)
 Page: /adverts/page/Media/images/adverts/356/20220906092446943.png
 Error: Trying to access array offset on value of type bool
 File: /App/Controllers/AdvertsController.php
 String: 32
--------------------------------------------------------------------------------------
Data: 14-02-2024 13:38:50 (UTC)
 Page: /adverts/page/Media/images/adverts/356/20220906092446943.png
 Error: Trying to access array offset on value of type bool
 File: /App/Controllers/AdvertsController.php
 String: 33
--------------------------------------------------------------------------------------
Data: 14-02-2024 13:38:50 (UTC)
 Page: /adverts/page/Media/images/adverts/356/20220906092446943.png
 Error: Trying to access array offset on value of type bool
 File: /App/Controllers/AdvertsController.php
 String: 35
--------------------------------------------------------------------------------------
Data: 14-02-2024 13:38:50 (UTC)
 Page: /adverts/page/Media/images/adverts/356/20220906092446943.png
 Error: Trying to access array offset on value of type bool
 File: /App/Controllers/AdvertsController.php
 String: 46
--------------------------------------------------------------------------------------
Data: 14-02-2024 13:38:50 (UTC)
 Page: /adverts/page/Media/images/adverts/356/20220906092446943.png
 Error: Trying to access array offset on value of type bool
 File: /App/Controllers/AdvertsController.php
 String: 47
--------------------------------------------------------------------------------------
Data: 14-02-2024 13:38:50 (UTC)
 Page: /adverts/page/Media/images/adverts/356/20220906092446943.png
 Error: Undefined array key "views"
 File: /App/Controllers/AdvertsController.php
 String: 57
--------------------------------------------------------------------------------------
Data: 14-02-2024 13:38:50 (UTC)
 Page: /adverts/page/Media/images/adverts/356/20220906092446943.png
 Error: Undefined array key "id"
 File: /App/Controllers/AdvertsController.php
 String: 59
--------------------------------------------------------------------------------------
Data: 14-02-2024 13:38:50 (UTC)
 Page: /adverts/page/Media/images/adverts/356/20220906092446943.png
 Error: Undefined array key "id_type"
 File: /App/Controllers/AdvertsController.php
 String: 94
--------------------------------------------------------------------------------------
Data: 14-02-2024 13:38:50 (UTC)
 Page: /adverts/page/Media/images/adverts/356/20220906092446943.png
 Error: Undefined array key "id"
 File: /App/Controllers/AdvertsController.php
 String: 94
--------------------------------------------------------------------------------------
Data: 14-02-2024 13:38:50 (UTC)
 Page: /adverts/page/Media/images/adverts/356/20220906092446943.png
 Error: Undefined array key "id_type"
 File: /App/Views/martup/site/adverts.tpl
 String: 50
--------------------------------------------------------------------------------------
Data: 14-02-2024 13:38:50 (UTC)
 Page: /adverts/page/Media/images/adverts/356/20220906092446943.png
 Error: Undefined array key "title"
 File: /App/Views/martup/site/adverts.tpl
 String: 53
--------------------------------------------------------------------------------------
Data: 14-02-2024 13:38:50 (UTC)
 Page: /adverts/page/Media/images/adverts/356/20220906092446943.png
 Error: Undefined array key "klass"
 File: /App/Views/martup/site/adverts.tpl
 String: 67
--------------------------------------------------------------------------------------
Data: 14-02-2024 13:38:50 (UTC)
 Page: /adverts/page/Media/images/adverts/356/20220906092446943.png
 Error: Undefined array key "add_date"
 File: /App/Views/martup/site/adverts.tpl
 String: 69
--------------------------------------------------------------------------------------
Data: 14-02-2024 13:38:50 (UTC)
 Page: /adverts/page/Media/images/adverts/356/20220906092446943.png
 Error: Undefined variable $test_drive
 File: /App/Views/martup/site/adverts.tpl
 String: 78
--------------------------------------------------------------------------------------
Data: 14-02-2024 13:38:50 (UTC)
 Page: /adverts/page/Media/images/adverts/356/20220906092446943.png
 Error: Undefined array key "idUser"
 File: /App/Views/martup/site/adverts.tpl
 String: 171
--------------------------------------------------------------------------------------
Data: 14-02-2024 13:38:50 (UTC)
 Page: /adverts/page/Media/images/adverts/356/20220906092446943.png
 Error: Undefined variable $link
 File: /App/Views/martup/site/adverts.tpl
 String: 171
--------------------------------------------------------------------------------------
Data: 14-02-2024 13:38:50 (UTC)
 Page: /adverts/page/Media/images/adverts/356/20220906092446943.png
 Error: Undefined array key "user_img"
 File: /App/Views/martup/site/adverts.tpl
 String: 171
--------------------------------------------------------------------------------------
Data: 14-02-2024 13:38:50 (UTC)
 Page: /adverts/page/Media/images/adverts/356/20220906092446943.png
 Error: Undefined array key "login"
 File: /App/Views/martup/site/adverts.tpl
 String: 171
--------------------------------------------------------------------------------------
Data: 14-02-2024 13:38:50 (UTC)
 Page: /adverts/page/Media/images/adverts/356/20220906092446943.png
 Error: Undefined array key "name"
 File: /App/Views/martup/site/adverts.tpl
 String: 171
--------------------------------------------------------------------------------------
Data: 14-02-2024 13:38:50 (UTC)
 Page: /adverts/page/Media/images/adverts/356/20220906092446943.png
 Error: Undefined array key "lastname"
 File: /App/Views/martup/site/adverts.tpl
 String: 171
--------------------------------------------------------------------------------------
Data: 14-02-2024 13:38:50 (UTC)
 Page: /adverts/page/Media/images/adverts/356/20220906092446943.png
 Error: Undefined array key "login"
 File: /App/Views/martup/site/adverts.tpl
 String: 173
--------------------------------------------------------------------------------------
Data: 14-02-2024 13:38:50 (UTC)
 Page: /adverts/page/Media/images/adverts/356/20220906092446943.png
 Error: Undefined variable $link
 File: /App/Views/martup/site/adverts.tpl
 String: 173
--------------------------------------------------------------------------------------
Data: 14-02-2024 13:38:50 (UTC)
 Page: /adverts/page/Media/images/adverts/356/20220906092446943.png
 Error: Undefined array key "company_name"
 File: /App/Views/martup/site/adverts.tpl
 String: 173
--------------------------------------------------------------------------------------
Data: 14-02-2024 13:38:50 (UTC)
 Page: /adverts/page/Media/images/adverts/356/20220906092446943.png
 Error: Undefined array key "idUser"
 File: /App/Views/martup/site/adverts.tpl
 String: 174
--------------------------------------------------------------------------------------
Data: 14-02-2024 13:38:50 (UTC)
 Page: /adverts/page/Media/images/adverts/356/20220906092446943.png
 Error: Undefined array key "idUser"
 File: /App/Views/martup/site/adverts.tpl
 String: 175
--------------------------------------------------------------------------------------
Data: 14-02-2024 13:38:50 (UTC)
 Page: /adverts/page/Media/images/adverts/356/20220906092446943.png
 Error: Undefined array key "mobile"
 File: /App/Views/martup/site/adverts.tpl
 String: 176
--------------------------------------------------------------------------------------
Data: 14-02-2024 13:38:50 (UTC)
 Page: /adverts/page/Media/images/adverts/356/20220906092446943.png
 Error: Undefined array key "email"
 File: /App/Views/martup/site/adverts.tpl
 String: 177
--------------------------------------------------------------------------------------
Data: 14-02-2024 13:38:50 (UTC)
 Page: /adverts/page/Media/images/adverts/356/20220906092446943.png
 Error: Undefined array key "textAdvert"
 File: /App/Views/martup/site/adverts.tpl
 String: 196
--------------------------------------------------------------------------------------
Data: 14-02-2024 13:38:50 (UTC)
 Page: /adverts/page/Media/images/adverts/356/20220906092446943.png
 Error: Undefined array key "id"
 File: /App/Views/martup/site/adverts.tpl
 String: 279
--------------------------------------------------------------------------------------
Data: 14-02-2024 13:38:50 (UTC)
 Page: /adverts/page/Media/images/adverts/356/20220906092446943.png
 Error: Undefined array key "idUser"
 File: /App/Views/martup/site/adverts.tpl
 String: 279
--------------------------------------------------------------------------------------
Data: 14-02-2024 13:38:50 (UTC)
 Page: /adverts/page/Media/images/adverts/356/20220906092446943.png
 Error: Undefined array key "id"
 File: /App/Views/martup/site/adverts.tpl
 String: 302
--------------------------------------------------------------------------------------
Data: 14-02-2024 13:38:50 (UTC)
 Page: /adverts/page/Media/images/adverts/356/20220906092446943.png
 Error: Undefined variable $og_img
 File: /App/Templates/martup/martup.tpl
 String: 14
--------------------------------------------------------------------------------------
Data: 14-02-2024 18:17:02 (UTC)
 Page: /portfolio/user/admlptf
 Error: Trying to access array offset on value of type bool
 File: /App/Views/martup/site/page_portfolio.tpl
 String: 91
--------------------------------------------------------------------------------------
Data: 14-02-2024 18:33:28 (UTC)
 Page: /portfolio/user/J_Alina
 Error: Trying to access array offset on value of type bool
 File: /App/Views/martup/site/page_portfolio.tpl
 String: 91
--------------------------------------------------------------------------------------
Data: 14-02-2024 20:24:44 (UTC)
 Page: /portfolio/user/l9782129417
 Error: Trying to access array offset on value of type bool
 File: /App/Views/martup/site/page_portfolio.tpl
 String: 91
--------------------------------------------------------------------------------------
Data: 14-02-2024 22:39:46 (UTC)
 Page: /adverts/page/RESPONSABILE_UFFICIO_TECNICO_%E2%80%93_Mestrino_(Pd)
 Error: Undefined variable $test_drive
 File: /App/Views/martup/site/adverts.tpl
 String: 78
--------------------------------------------------------------------------------------
Data: 14-02-2024 22:40:03 (UTC)
 Page: /adverts/page/addetti_e_pulizie_civili_ed_industriali_%E2%80%93_treviso
 Error: Undefined variable $test_drive
 File: /App/Views/martup/site/adverts.tpl
 String: 78
--------------------------------------------------------------------------------------
Data: 14-02-2024 22:40:17 (UTC)
 Page: /adverts/page/sales_assistant_ft_%E2%80%93_abbigliamento_premium_-treviso
 Error: Undefined variable $test_drive
 File: /App/Views/martup/site/adverts.tpl
 String: 78
--------------------------------------------------------------------------------------
Data: 15-02-2024 00:26:56 (UTC)
 Page: /portfolio/user/slav4ik
 Error: Trying to access array offset on value of type bool
 File: /App/Views/martup/site/page_portfolio.tpl
 String: 91
--------------------------------------------------------------------------------------
Data: 15-02-2024 04:35:33 (UTC)
 Page: /lang/Content-Length:%200
 Error: Undefined array key "HTTP_REFERER"
 File: /App/Controllers/LangController.php
 String: 6
--------------------------------------------------------------------------------------
Data: 15-02-2024 13:46:35 (UTC)
 Page: /contacts
 Error: Undefined variable $actions
 File: /Core/Base/Controller.php
 String: 91
--------------------------------------------------------------------------------------
Data: 15-02-2024 13:46:35 (UTC)
 Page: /contacts
 Error: Trying to access array offset on value of type null
 File: /Core/Base/Controller.php
 String: 91
--------------------------------------------------------------------------------------
Data: 15-02-2024 13:46:35 (UTC)
 Page: /contacts
 Error: Undefined variable $authUser
 File: /App/Views/martup/site/contacts.tpl
 String: 84
--------------------------------------------------------------------------------------
Data: 15-02-2024 13:46:35 (UTC)
 Page: /contacts
 Error: Undefined variable $keywords
 File: /App/Templates/martup/martup.tpl
 String: 8
--------------------------------------------------------------------------------------
Data: 15-02-2024 13:46:35 (UTC)
 Page: /contacts
 Error: Undefined variable $og_img
 File: /App/Templates/martup/martup.tpl
 String: 14
--------------------------------------------------------------------------------------
Data: 15-02-2024 13:46:35 (UTC)
 Page: /contacts
 Error: Undefined variable $keywords
 File: /App/Templates/martup/martup.tpl
 String: 16
--------------------------------------------------------------------------------------
Data: 15-02-2024 15:11:30 (UTC)
 Page: /adverts/page/sales_assistant_ft_%E2%80%93_abbigliamento_premium_-treviso
 Error: Undefined variable $test_drive
 File: /App/Views/martup/site/adverts.tpl
 String: 78
--------------------------------------------------------------------------------------
Data: 15-02-2024 17:10:32 (UTC)
 Page: /portfolio/user/admlptf
 Error: Trying to access array offset on value of type bool
 File: /App/Views/martup/site/page_portfolio.tpl
 String: 91
--------------------------------------------------------------------------------------
Data: 15-02-2024 17:10:33 (UTC)
 Page: /portfolio/user/admlptf
 Error: Trying to access array offset on value of type bool
 File: /App/Views/martup/site/page_portfolio.tpl
 String: 91
--------------------------------------------------------------------------------------
Data: 15-02-2024 17:15:00 (UTC)
 Page: /portfolio/user/admlptf
 Error: Trying to access array offset on value of type bool
 File: /App/Views/martup/site/page_portfolio.tpl
 String: 91
--------------------------------------------------------------------------------------
Data: 15-02-2024 18:44:13 (UTC)
 Page: /blog/article/findsol.it/login
 Error: Trying to access array offset on value of type bool
 File: /App/Controllers/BlogController.php
 String: 109
--------------------------------------------------------------------------------------
Data: 15-02-2024 18:44:13 (UTC)
 Page: /blog/article/findsol.it/login
 Error: Trying to access array offset on value of type bool
 File: /App/Controllers/BlogController.php
 String: 111
--------------------------------------------------------------------------------------
Data: 15-02-2024 18:44:13 (UTC)
 Page: /blog/article/findsol.it/login
 Error: Trying to access array offset on value of type bool
 File: /App/Views/martup/site/blog_article.tpl
 String: 10
--------------------------------------------------------------------------------------
Data: 15-02-2024 18:44:13 (UTC)
 Page: /blog/article/findsol.it/login
 Error: Trying to access array offset on value of type bool
 File: /App/Views/martup/site/blog_article.tpl
 String: 10
--------------------------------------------------------------------------------------
Data: 15-02-2024 18:44:13 (UTC)
 Page: /blog/article/findsol.it/login
 Error: Trying to access array offset on value of type bool
 File: /App/Views/martup/site/blog_article.tpl
 String: 17
--------------------------------------------------------------------------------------
Data: 15-02-2024 18:44:13 (UTC)
 Page: /blog/article/findsol.it/login
 Error: Trying to access array offset on value of type bool
 File: /App/Views/martup/site/blog_article.tpl
 String: 18
--------------------------------------------------------------------------------------
Data: 15-02-2024 18:44:13 (UTC)
 Page: /blog/article/findsol.it/login
 Error: Trying to access array offset on value of type bool
 File: /App/Views/martup/site/blog_article.tpl
 String: 19
--------------------------------------------------------------------------------------
Data: 15-02-2024 18:44:13 (UTC)
 Page: /blog/article/findsol.it/login
 Error: Trying to access array offset on value of type bool
 File: /App/Views/martup/site/blog_article.tpl
 String: 22
--------------------------------------------------------------------------------------
Data: 15-02-2024 18:44:13 (UTC)
 Page: /blog/article/findsol.it/login
 Error: Trying to access array offset on value of type bool
 File: /App/Views/martup/site/blog_article.tpl
 String: 26
--------------------------------------------------------------------------------------
Data: 15-02-2024 18:44:13 (UTC)
 Page: /blog/article/findsol.it/login
 Error: Trying to access array offset on value of type bool
 File: /App/Views/martup/site/blog_article.tpl
 String: 87
--------------------------------------------------------------------------------------
Data: 15-02-2024 18:44:13 (UTC)
 Page: /blog/article/findsol.it/login
 Error: Trying to access array offset on value of type bool
 File: /App/Views/martup/site/blog_article.tpl
 String: 93
--------------------------------------------------------------------------------------
Data: 15-02-2024 18:44:13 (UTC)
 Page: /blog/article/findsol.it/login
 Error: Trying to access array offset on value of type bool
 File: /App/Views/martup/site/blog_article.tpl
 String: 96
--------------------------------------------------------------------------------------
Data: 15-02-2024 18:44:13 (UTC)
 Page: /blog/article/findsol.it/login
 Error: Undefined variable $title
 File: /App/Templates/martup/martup.tpl
 String: 6
--------------------------------------------------------------------------------------
Data: 15-02-2024 18:44:13 (UTC)
 Page: /blog/article/findsol.it/login
 Error: Undefined variable $description
 File: /App/Templates/martup/martup.tpl
 String: 7
--------------------------------------------------------------------------------------
Data: 15-02-2024 18:44:13 (UTC)
 Page: /blog/article/findsol.it/login
 Error: Undefined variable $keywords
 File: /App/Templates/martup/martup.tpl
 String: 8
--------------------------------------------------------------------------------------
Data: 15-02-2024 18:44:13 (UTC)
 Page: /blog/article/findsol.it/login
 Error: Undefined variable $title
 File: /App/Templates/martup/martup.tpl
 String: 12
--------------------------------------------------------------------------------------
Data: 15-02-2024 18:44:13 (UTC)
 Page: /blog/article/findsol.it/login
 Error: Undefined variable $description
 File: /App/Templates/martup/martup.tpl
 String: 13
--------------------------------------------------------------------------------------
Data: 15-02-2024 18:44:13 (UTC)
 Page: /blog/article/findsol.it/login
 Error: Undefined variable $og_img
 File: /App/Templates/martup/martup.tpl
 String: 14
--------------------------------------------------------------------------------------
Data: 15-02-2024 18:44:13 (UTC)
 Page: /blog/article/findsol.it/login
 Error: Undefined variable $title
 File: /App/Templates/martup/martup.tpl
 String: 15
--------------------------------------------------------------------------------------
Data: 15-02-2024 18:44:13 (UTC)
 Page: /blog/article/findsol.it/login
 Error: Undefined variable $keywords
 File: /App/Templates/martup/martup.tpl
 String: 16
--------------------------------------------------------------------------------------
Data: 15-02-2024 18:44:13 (UTC)
 Page: /blog/article/findsol.it/login
 Error: Undefined variable $description
 File: /App/Templates/martup/martup.tpl
 String: 17
--------------------------------------------------------------------------------------
Data: 15-02-2024 18:45:18 (UTC)
 Page: /blog/article/index.html
 Error: Trying to access array offset on value of type bool
 File: /App/Controllers/BlogController.php
 String: 109
--------------------------------------------------------------------------------------
Data: 15-02-2024 18:45:18 (UTC)
 Page: /blog/article/index.html
 Error: Trying to access array offset on value of type bool
 File: /App/Controllers/BlogController.php
 String: 111
--------------------------------------------------------------------------------------
Data: 15-02-2024 18:45:18 (UTC)
 Page: /blog/article/index.html
 Error: Trying to access array offset on value of type bool
 File: /App/Views/martup/site/blog_article.tpl
 String: 10
--------------------------------------------------------------------------------------
Data: 15-02-2024 18:45:18 (UTC)
 Page: /blog/article/index.html
 Error: Trying to access array offset on value of type bool
 File: /App/Views/martup/site/blog_article.tpl
 String: 10
--------------------------------------------------------------------------------------
Data: 15-02-2024 18:45:18 (UTC)
 Page: /blog/article/index.html
 Error: Trying to access array offset on value of type bool
 File: /App/Views/martup/site/blog_article.tpl
 String: 17
--------------------------------------------------------------------------------------
Data: 15-02-2024 18:45:18 (UTC)
 Page: /blog/article/index.html
 Error: Trying to access array offset on value of type bool
 File: /App/Views/martup/site/blog_article.tpl
 String: 18
--------------------------------------------------------------------------------------
Data: 15-02-2024 18:45:18 (UTC)
 Page: /blog/article/index.html
 Error: Trying to access array offset on value of type bool
 File: /App/Views/martup/site/blog_article.tpl
 String: 19
--------------------------------------------------------------------------------------
Data: 15-02-2024 18:45:18 (UTC)
 Page: /blog/article/index.html
 Error: Trying to access array offset on value of type bool
 File: /App/Views/martup/site/blog_article.tpl
 String: 22
--------------------------------------------------------------------------------------
Data: 15-02-2024 18:45:18 (UTC)
 Page: /blog/article/index.html
 Error: Trying to access array offset on value of type bool
 File: /App/Views/martup/site/blog_article.tpl
 String: 26
--------------------------------------------------------------------------------------
Data: 15-02-2024 18:45:18 (UTC)
 Page: /blog/article/index.html
 Error: Trying to access array offset on value of type bool
 File: /App/Views/martup/site/blog_article.tpl
 String: 87
--------------------------------------------------------------------------------------
Data: 15-02-2024 18:45:18 (UTC)
 Page: /blog/article/index.html
 Error: Trying to access array offset on value of type bool
 File: /App/Views/martup/site/blog_article.tpl
 String: 93
--------------------------------------------------------------------------------------
Data: 15-02-2024 18:45:18 (UTC)
 Page: /blog/article/index.html
 Error: Trying to access array offset on value of type bool
 File: /App/Views/martup/site/blog_article.tpl
 String: 96
--------------------------------------------------------------------------------------
Data: 15-02-2024 18:45:18 (UTC)
 Page: /blog/article/index.html
 Error: Undefined variable $title
 File: /App/Templates/martup/martup.tpl
 String: 6
--------------------------------------------------------------------------------------
Data: 15-02-2024 18:45:18 (UTC)
 Page: /blog/article/index.html
 Error: Undefined variable $description
 File: /App/Templates/martup/martup.tpl
 String: 7
--------------------------------------------------------------------------------------
Data: 15-02-2024 18:45:18 (UTC)
 Page: /blog/article/index.html
 Error: Undefined variable $keywords
 File: /App/Templates/martup/martup.tpl
 String: 8
--------------------------------------------------------------------------------------
Data: 15-02-2024 18:45:18 (UTC)
 Page: /blog/article/index.html
 Error: Undefined variable $title
 File: /App/Templates/martup/martup.tpl
 String: 12
--------------------------------------------------------------------------------------
Data: 15-02-2024 18:45:18 (UTC)
 Page: /blog/article/index.html
 Error: Undefined variable $description
 File: /App/Templates/martup/martup.tpl
 String: 13
--------------------------------------------------------------------------------------
Data: 15-02-2024 18:45:18 (UTC)
 Page: /blog/article/index.html
 Error: Undefined variable $og_img
 File: /App/Templates/martup/martup.tpl
 String: 14
--------------------------------------------------------------------------------------
Data: 15-02-2024 18:45:18 (UTC)
 Page: /blog/article/index.html
 Error: Undefined variable $title
 File: /App/Templates/martup/martup.tpl
 String: 15
--------------------------------------------------------------------------------------
Data: 15-02-2024 18:45:18 (UTC)
 Page: /blog/article/index.html
 Error: Undefined variable $keywords
 File: /App/Templates/martup/martup.tpl
 String: 16
--------------------------------------------------------------------------------------
Data: 15-02-2024 18:45:18 (UTC)
 Page: /blog/article/index.html
 Error: Undefined variable $description
 File: /App/Templates/martup/martup.tpl
 String: 17
--------------------------------------------------------------------------------------
Data: 15-02-2024 19:01:03 (UTC)
 Page: /adverts/page/index.html
 Error: Trying to access array offset on value of type bool
 File: /App/Controllers/AdvertsController.php
 String: 24
--------------------------------------------------------------------------------------
Data: 15-02-2024 19:01:03 (UTC)
 Page: /adverts/page/index.html
 Error: Trying to access array offset on value of type bool
 File: /App/Controllers/AdvertsController.php
 String: 25
--------------------------------------------------------------------------------------
Data: 15-02-2024 19:01:03 (UTC)
 Page: /adverts/page/index.html
 Error: Trying to access array offset on value of type bool
 File: /App/Controllers/AdvertsController.php
 String: 27
--------------------------------------------------------------------------------------
Data: 15-02-2024 19:01:03 (UTC)
 Page: /adverts/page/index.html
 Error: Trying to access array offset on value of type bool
 File: /App/Controllers/AdvertsController.php
 String: 31
--------------------------------------------------------------------------------------
Data: 15-02-2024 19:01:03 (UTC)
 Page: /adverts/page/index.html
 Error: Trying to access array offset on value of type bool
 File: /App/Controllers/AdvertsController.php
 String: 32
--------------------------------------------------------------------------------------
Data: 15-02-2024 19:01:03 (UTC)
 Page: /adverts/page/index.html
 Error: Trying to access array offset on value of type bool
 File: /App/Controllers/AdvertsController.php
 String: 33
--------------------------------------------------------------------------------------
Data: 15-02-2024 19:01:03 (UTC)
 Page: /adverts/page/index.html
 Error: Trying to access array offset on value of type bool
 File: /App/Controllers/AdvertsController.php
 String: 35
--------------------------------------------------------------------------------------
Data: 15-02-2024 19:01:03 (UTC)
 Page: /adverts/page/index.html
 Error: Trying to access array offset on value of type bool
 File: /App/Controllers/AdvertsController.php
 String: 46
--------------------------------------------------------------------------------------
Data: 15-02-2024 19:01:03 (UTC)
 Page: /adverts/page/index.html
 Error: Trying to access array offset on value of type bool
 File: /App/Controllers/AdvertsController.php
 String: 47
--------------------------------------------------------------------------------------
Data: 15-02-2024 19:01:03 (UTC)
 Page: /adverts/page/index.html
 Error: Undefined array key "views"
 File: /App/Controllers/AdvertsController.php
 String: 57
--------------------------------------------------------------------------------------
Data: 15-02-2024 19:01:03 (UTC)
 Page: /adverts/page/index.html
 Error: Undefined array key "id"
 File: /App/Controllers/AdvertsController.php
 String: 59
--------------------------------------------------------------------------------------
Data: 15-02-2024 19:01:03 (UTC)
 Page: /adverts/page/index.html
 Error: Undefined array key "id_type"
 File: /App/Controllers/AdvertsController.php
 String: 94
--------------------------------------------------------------------------------------
Data: 15-02-2024 19:01:03 (UTC)
 Page: /adverts/page/index.html
 Error: Undefined array key "id"
 File: /App/Controllers/AdvertsController.php
 String: 94
--------------------------------------------------------------------------------------
Data: 15-02-2024 19:01:03 (UTC)
 Page: /adverts/page/index.html
 Error: Undefined array key "id_type"
 File: /App/Views/martup/site/adverts.tpl
 String: 50
--------------------------------------------------------------------------------------
Data: 15-02-2024 19:01:03 (UTC)
 Page: /adverts/page/index.html
 Error: Undefined array key "title"
 File: /App/Views/martup/site/adverts.tpl
 String: 53
--------------------------------------------------------------------------------------
Data: 15-02-2024 19:01:03 (UTC)
 Page: /adverts/page/index.html
 Error: Undefined array key "klass"
 File: /App/Views/martup/site/adverts.tpl
 String: 67
--------------------------------------------------------------------------------------
Data: 15-02-2024 19:01:03 (UTC)
 Page: /adverts/page/index.html
 Error: Undefined array key "add_date"
 File: /App/Views/martup/site/adverts.tpl
 String: 69
--------------------------------------------------------------------------------------
Data: 15-02-2024 19:01:03 (UTC)
 Page: /adverts/page/index.html
 Error: Undefined variable $test_drive
 File: /App/Views/martup/site/adverts.tpl
 String: 78
--------------------------------------------------------------------------------------
Data: 15-02-2024 19:01:03 (UTC)
 Page: /adverts/page/index.html
 Error: Undefined array key "idUser"
 File: /App/Views/martup/site/adverts.tpl
 String: 171
--------------------------------------------------------------------------------------
Data: 15-02-2024 19:01:03 (UTC)
 Page: /adverts/page/index.html
 Error: Undefined variable $link
 File: /App/Views/martup/site/adverts.tpl
 String: 171
--------------------------------------------------------------------------------------
Data: 15-02-2024 19:01:03 (UTC)
 Page: /adverts/page/index.html
 Error: Undefined array key "user_img"
 File: /App/Views/martup/site/adverts.tpl
 String: 171
--------------------------------------------------------------------------------------
Data: 15-02-2024 19:01:03 (UTC)
 Page: /adverts/page/index.html
 Error: Undefined array key "login"
 File: /App/Views/martup/site/adverts.tpl
 String: 171
--------------------------------------------------------------------------------------
Data: 15-02-2024 19:01:03 (UTC)
 Page: /adverts/page/index.html
 Error: Undefined array key "name"
 File: /App/Views/martup/site/adverts.tpl
 String: 171
--------------------------------------------------------------------------------------
Data: 15-02-2024 19:01:03 (UTC)
 Page: /adverts/page/index.html
 Error: Undefined array key "lastname"
 File: /App/Views/martup/site/adverts.tpl
 String: 171
--------------------------------------------------------------------------------------
Data: 15-02-2024 19:01:03 (UTC)
 Page: /adverts/page/index.html
 Error: Undefined array key "login"
 File: /App/Views/martup/site/adverts.tpl
 String: 173
--------------------------------------------------------------------------------------
Data: 15-02-2024 19:01:03 (UTC)
 Page: /adverts/page/index.html
 Error: Undefined variable $link
 File: /App/Views/martup/site/adverts.tpl
 String: 173
--------------------------------------------------------------------------------------
Data: 15-02-2024 19:01:03 (UTC)
 Page: /adverts/page/index.html
 Error: Undefined array key "company_name"
 File: /App/Views/martup/site/adverts.tpl
 String: 173
--------------------------------------------------------------------------------------
Data: 15-02-2024 19:01:03 (UTC)
 Page: /adverts/page/index.html
 Error: Undefined array key "idUser"
 File: /App/Views/martup/site/adverts.tpl
 String: 174
--------------------------------------------------------------------------------------
Data: 15-02-2024 19:01:03 (UTC)
 Page: /adverts/page/index.html
 Error: Undefined array key "idUser"
 File: /App/Views/martup/site/adverts.tpl
 String: 175
--------------------------------------------------------------------------------------
Data: 15-02-2024 19:01:03 (UTC)
 Page: /adverts/page/index.html
 Error: Undefined array key "mobile"
 File: /App/Views/martup/site/adverts.tpl
 String: 176
--------------------------------------------------------------------------------------
Data: 15-02-2024 19:01:03 (UTC)
 Page: /adverts/page/index.html
 Error: Undefined array key "email"
 File: /App/Views/martup/site/adverts.tpl
 String: 177
--------------------------------------------------------------------------------------
Data: 15-02-2024 19:01:03 (UTC)
 Page: /adverts/page/index.html
 Error: Undefined array key "textAdvert"
 File: /App/Views/martup/site/adverts.tpl
 String: 196
--------------------------------------------------------------------------------------
Data: 15-02-2024 19:01:03 (UTC)
 Page: /adverts/page/index.html
 Error: Undefined array key "id"
 File: /App/Views/martup/site/adverts.tpl
 String: 279
--------------------------------------------------------------------------------------
Data: 15-02-2024 19:01:03 (UTC)
 Page: /adverts/page/index.html
 Error: Undefined array key "idUser"
 File: /App/Views/martup/site/adverts.tpl
 String: 279
--------------------------------------------------------------------------------------
Data: 15-02-2024 19:01:03 (UTC)
 Page: /adverts/page/index.html
 Error: Undefined array key "id"
 File: /App/Views/martup/site/adverts.tpl
 String: 302
--------------------------------------------------------------------------------------
Data: 15-02-2024 19:01:03 (UTC)
 Page: /adverts/page/index.html
 Error: Undefined variable $og_img
 File: /App/Templates/martup/martup.tpl
 String: 14
--------------------------------------------------------------------------------------
Data: 15-02-2024 19:56:43 (UTC)
 Page: /contacts
 Error: Undefined variable $actions
 File: /Core/Base/Controller.php
 String: 91
--------------------------------------------------------------------------------------
Data: 15-02-2024 19:56:43 (UTC)
 Page: /contacts
 Error: Trying to access array offset on value of type null
 File: /Core/Base/Controller.php
 String: 91
--------------------------------------------------------------------------------------
Data: 15-02-2024 19:56:43 (UTC)
 Page: /contacts
 Error: Undefined variable $authUser
 File: /App/Views/martup/site/contacts.tpl
 String: 84
--------------------------------------------------------------------------------------
Data: 15-02-2024 19:56:43 (UTC)
 Page: /contacts
 Error: Undefined variable $keywords
 File: /App/Templates/martup/martup.tpl
 String: 8
--------------------------------------------------------------------------------------
Data: 15-02-2024 19:56:43 (UTC)
 Page: /contacts
 Error: Undefined variable $og_img
 File: /App/Templates/martup/martup.tpl
 String: 14
--------------------------------------------------------------------------------------
Data: 15-02-2024 19:56:43 (UTC)
 Page: /contacts
 Error: Undefined variable $keywords
 File: /App/Templates/martup/martup.tpl
 String: 16
--------------------------------------------------------------------------------------
Data: 15-02-2024 19:57:06 (UTC)
 Page: /contacts
 Error: Undefined variable $actions
 File: /Core/Base/Controller.php
 String: 91
--------------------------------------------------------------------------------------
Data: 15-02-2024 19:57:06 (UTC)
 Page: /contacts
 Error: Trying to access array offset on value of type null
 File: /Core/Base/Controller.php
 String: 91
--------------------------------------------------------------------------------------
Data: 15-02-2024 19:57:06 (UTC)
 Page: /contacts
 Error: Undefined variable $authUser
 File: /App/Views/martup/site/contacts.tpl
 String: 84
--------------------------------------------------------------------------------------
Data: 15-02-2024 19:57:06 (UTC)
 Page: /contacts
 Error: Undefined variable $keywords
 File: /App/Templates/martup/martup.tpl
 String: 8
--------------------------------------------------------------------------------------
Data: 15-02-2024 19:57:06 (UTC)
 Page: /contacts
 Error: Undefined variable $og_img
 File: /App/Templates/martup/martup.tpl
 String: 14
--------------------------------------------------------------------------------------
Data: 15-02-2024 19:57:06 (UTC)
 Page: /contacts
 Error: Undefined variable $keywords
 File: /App/Templates/martup/martup.tpl
 String: 16
--------------------------------------------------------------------------------------
Data: 15-02-2024 19:57:20 (UTC)
 Page: /contacts
 Error: Undefined variable $actions
 File: /Core/Base/Controller.php
 String: 91
--------------------------------------------------------------------------------------
Data: 15-02-2024 19:57:20 (UTC)
 Page: /contacts
 Error: Trying to access array offset on value of type null
 File: /Core/Base/Controller.php
 String: 91
--------------------------------------------------------------------------------------
Data: 15-02-2024 19:57:20 (UTC)
 Page: /contacts
 Error: Undefined variable $authUser
 File: /App/Views/martup/site/contacts.tpl
 String: 84
--------------------------------------------------------------------------------------
Data: 15-02-2024 19:57:20 (UTC)
 Page: /contacts
 Error: Undefined variable $keywords
 File: /App/Templates/martup/martup.tpl
 String: 8
--------------------------------------------------------------------------------------
Data: 15-02-2024 19:57:20 (UTC)
 Page: /contacts
 Error: Undefined variable $og_img
 File: /App/Templates/martup/martup.tpl
 String: 14
--------------------------------------------------------------------------------------
Data: 15-02-2024 19:57:20 (UTC)
 Page: /contacts
 Error: Undefined variable $keywords
 File: /App/Templates/martup/martup.tpl
 String: 16
--------------------------------------------------------------------------------------
Data: 15-02-2024 19:57:36 (UTC)
 Page: /contacts
 Error: Undefined variable $actions
 File: /Core/Base/Controller.php
 String: 91
--------------------------------------------------------------------------------------
Data: 15-02-2024 19:57:36 (UTC)
 Page: /contacts
 Error: Trying to access array offset on value of type null
 File: /Core/Base/Controller.php
 String: 91
--------------------------------------------------------------------------------------
Data: 15-02-2024 19:57:36 (UTC)
 Page: /contacts
 Error: Undefined variable $authUser
 File: /App/Views/martup/site/contacts.tpl
 String: 84
--------------------------------------------------------------------------------------
Data: 15-02-2024 19:57:36 (UTC)
 Page: /contacts
 Error: Undefined variable $keywords
 File: /App/Templates/martup/martup.tpl
 String: 8
--------------------------------------------------------------------------------------
Data: 15-02-2024 19:57:36 (UTC)
 Page: /contacts
 Error: Undefined variable $og_img
 File: /App/Templates/martup/martup.tpl
 String: 14
--------------------------------------------------------------------------------------
Data: 15-02-2024 19:57:36 (UTC)
 Page: /contacts
 Error: Undefined variable $keywords
 File: /App/Templates/martup/martup.tpl
 String: 16
--------------------------------------------------------------------------------------
Data: 15-02-2024 19:57:49 (UTC)
 Page: /contacts
 Error: Undefined variable $actions
 File: /Core/Base/Controller.php
 String: 91
--------------------------------------------------------------------------------------
Data: 15-02-2024 19:57:49 (UTC)
 Page: /contacts
 Error: Trying to access array offset on value of type null
 File: /Core/Base/Controller.php
 String: 91
--------------------------------------------------------------------------------------
Data: 15-02-2024 19:57:49 (UTC)
 Page: /contacts
 Error: Undefined variable $authUser
 File: /App/Views/martup/site/contacts.tpl
 String: 84
--------------------------------------------------------------------------------------
Data: 15-02-2024 19:57:49 (UTC)
 Page: /contacts
 Error: Undefined variable $keywords
 File: /App/Templates/martup/martup.tpl
 String: 8
--------------------------------------------------------------------------------------
Data: 15-02-2024 19:57:49 (UTC)
 Page: /contacts
 Error: Undefined variable $og_img
 File: /App/Templates/martup/martup.tpl
 String: 14
--------------------------------------------------------------------------------------
Data: 15-02-2024 19:57:49 (UTC)
 Page: /contacts
 Error: Undefined variable $keywords
 File: /App/Templates/martup/martup.tpl
 String: 16
--------------------------------------------------------------------------------------
Data: 16-02-2024 01:29:50 (UTC)
 Page: /category/page/work_vacancies
 Error: Undefined variable $v
 File: /App/Views/martup/site/filter.tpl
 String: 7
--------------------------------------------------------------------------------------
Data: 16-02-2024 01:29:50 (UTC)
 Page: /category/page/work_vacancies
 Error: Trying to access array offset on value of type null
 File: /App/Views/martup/site/filter.tpl
 String: 7
--------------------------------------------------------------------------------------
Data: 16-02-2024 01:29:50 (UTC)
 Page: /category/page/work_vacancies
 Error: Undefined variable $v
 File: /App/Views/martup/site/filter.tpl
 String: 8
--------------------------------------------------------------------------------------
Data: 16-02-2024 01:29:50 (UTC)
 Page: /category/page/work_vacancies
 Error: Trying to access array offset on value of type null
 File: /App/Views/martup/site/filter.tpl
 String: 8
--------------------------------------------------------------------------------------
Data: 16-02-2024 03:23:33 (UTC)
 Page: /blog/article/apple-touch-icon.png
 Error: Trying to access array offset on value of type bool
 File: /App/Controllers/BlogController.php
 String: 109
--------------------------------------------------------------------------------------
Data: 16-02-2024 03:23:33 (UTC)
 Page: /blog/article/apple-touch-icon.png
 Error: Trying to access array offset on value of type bool
 File: /App/Controllers/BlogController.php
 String: 111
--------------------------------------------------------------------------------------
Data: 16-02-2024 03:23:33 (UTC)
 Page: /blog/article/apple-touch-icon.png
 Error: Trying to access array offset on value of type bool
 File: /App/Views/martup/site/blog_article.tpl
 String: 10
--------------------------------------------------------------------------------------
Data: 16-02-2024 03:23:33 (UTC)
 Page: /blog/article/apple-touch-icon.png
 Error: Trying to access array offset on value of type bool
 File: /App/Views/martup/site/blog_article.tpl
 String: 10
--------------------------------------------------------------------------------------
Data: 16-02-2024 03:23:33 (UTC)
 Page: /blog/article/apple-touch-icon.png
 Error: Trying to access array offset on value of type bool
 File: /App/Views/martup/site/blog_article.tpl
 String: 17
--------------------------------------------------------------------------------------
Data: 16-02-2024 03:23:33 (UTC)
 Page: /blog/article/apple-touch-icon.png
 Error: Trying to access array offset on value of type bool
 File: /App/Views/martup/site/blog_article.tpl
 String: 18
--------------------------------------------------------------------------------------
Data: 16-02-2024 03:23:33 (UTC)
 Page: /blog/article/apple-touch-icon.png
 Error: Trying to access array offset on value of type bool
 File: /App/Views/martup/site/blog_article.tpl
 String: 19
--------------------------------------------------------------------------------------
Data: 16-02-2024 03:23:33 (UTC)
 Page: /blog/article/apple-touch-icon.png
 Error: Trying to access array offset on value of type bool
 File: /App/Views/martup/site/blog_article.tpl
 String: 22
--------------------------------------------------------------------------------------
Data: 16-02-2024 03:23:33 (UTC)
 Page: /blog/article/apple-touch-icon.png
 Error: Trying to access array offset on value of type bool
 File: /App/Views/martup/site/blog_article.tpl
 String: 26
--------------------------------------------------------------------------------------
Data: 16-02-2024 03:23:33 (UTC)
 Page: /blog/article/apple-touch-icon.png
 Error: Trying to access array offset on value of type bool
 File: /App/Views/martup/site/blog_article.tpl
 String: 87
--------------------------------------------------------------------------------------
Data: 16-02-2024 03:23:33 (UTC)
 Page: /blog/article/apple-touch-icon.png
 Error: Trying to access array offset on value of type bool
 File: /App/Views/martup/site/blog_article.tpl
 String: 93
--------------------------------------------------------------------------------------
Data: 16-02-2024 03:23:33 (UTC)
 Page: /blog/article/apple-touch-icon.png
 Error: Trying to access array offset on value of type bool
 File: /App/Views/martup/site/blog_article.tpl
 String: 96
--------------------------------------------------------------------------------------
Data: 16-02-2024 03:23:33 (UTC)
 Page: /blog/article/apple-touch-icon.png
 Error: Undefined variable $title
 File: /App/Templates/martup/martup.tpl
 String: 6
--------------------------------------------------------------------------------------
Data: 16-02-2024 03:23:33 (UTC)
 Page: /blog/article/apple-touch-icon.png
 Error: Undefined variable $description
 File: /App/Templates/martup/martup.tpl
 String: 7
--------------------------------------------------------------------------------------
Data: 16-02-2024 03:23:33 (UTC)
 Page: /blog/article/apple-touch-icon.png
 Error: Undefined variable $keywords
 File: /App/Templates/martup/martup.tpl
 String: 8
--------------------------------------------------------------------------------------
Data: 16-02-2024 03:23:33 (UTC)
 Page: /blog/article/apple-touch-icon.png
 Error: Undefined variable $title
 File: /App/Templates/martup/martup.tpl
 String: 12
--------------------------------------------------------------------------------------
Data: 16-02-2024 03:23:33 (UTC)
 Page: /blog/article/apple-touch-icon.png
 Error: Undefined variable $description
 File: /App/Templates/martup/martup.tpl
 String: 13
--------------------------------------------------------------------------------------
Data: 16-02-2024 03:23:33 (UTC)
 Page: /blog/article/apple-touch-icon.png
 Error: Undefined variable $og_img
 File: /App/Templates/martup/martup.tpl
 String: 14
--------------------------------------------------------------------------------------
Data: 16-02-2024 03:23:33 (UTC)
 Page: /blog/article/apple-touch-icon.png
 Error: Undefined variable $title
 File: /App/Templates/martup/martup.tpl
 String: 15
--------------------------------------------------------------------------------------
Data: 16-02-2024 03:23:33 (UTC)
 Page: /blog/article/apple-touch-icon.png
 Error: Undefined variable $keywords
 File: /App/Templates/martup/martup.tpl
 String: 16
--------------------------------------------------------------------------------------
Data: 16-02-2024 03:23:33 (UTC)
 Page: /blog/article/apple-touch-icon.png
 Error: Undefined variable $description
 File: /App/Templates/martup/martup.tpl
 String: 17
--------------------------------------------------------------------------------------
Data: 16-02-2024 04:02:49 (UTC)
 Page: /blog/category/internet
 Error: Undefined array key "keywords"
 File: /App/Controllers/BlogController.php
 String: 46
--------------------------------------------------------------------------------------
Data: 16-02-2024 04:02:49 (UTC)
 Page: /blog/category/internet
 Error: foreach() argument must be of type array|object, string given
 File: /App/Views/martup/site/blog.tpl
 String: 17
--------------------------------------------------------------------------------------
Data: 16-02-2024 04:02:49 (UTC)
 Page: /blog/category/internet
 Error: Undefined variable $lastArticles
 File: /App/Views/martup/site/blog.tpl
 String: 52
--------------------------------------------------------------------------------------
Data: 16-02-2024 04:02:49 (UTC)
 Page: /blog/category/internet
 Error: foreach() argument must be of type array|object, null given
 File: /App/Views/martup/site/blog.tpl
 String: 52
--------------------------------------------------------------------------------------
Data: 16-02-2024 04:02:49 (UTC)
 Page: /blog/category/internet
 Error: Undefined variable $pagination
 File: /App/Views/martup/site/blog.tpl
 String: 74
--------------------------------------------------------------------------------------
Data: 16-02-2024 06:58:32 (UTC)
 Page: /category/page/cars
 Error: Undefined variable $v
 File: /App/Views/martup/site/filter.tpl
 String: 7
--------------------------------------------------------------------------------------
Data: 16-02-2024 06:58:32 (UTC)
 Page: /category/page/cars
 Error: Trying to access array offset on value of type null
 File: /App/Views/martup/site/filter.tpl
 String: 7
--------------------------------------------------------------------------------------
Data: 16-02-2024 06:58:32 (UTC)
 Page: /category/page/cars
 Error: Undefined variable $v
 File: /App/Views/martup/site/filter.tpl
 String: 8
--------------------------------------------------------------------------------------
Data: 16-02-2024 06:58:32 (UTC)
 Page: /category/page/cars
 Error: Trying to access array offset on value of type null
 File: /App/Views/martup/site/filter.tpl
 String: 8
--------------------------------------------------------------------------------------
Data: 16-02-2024 07:07:08 (UTC)
 Page: /blog/category/trading
 Error: Undefined array key "keywords"
 File: /App/Controllers/BlogController.php
 String: 46
--------------------------------------------------------------------------------------
Data: 16-02-2024 07:07:08 (UTC)
 Page: /blog/category/trading
 Error: foreach() argument must be of type array|object, string given
 File: /App/Views/martup/site/blog.tpl
 String: 17
--------------------------------------------------------------------------------------
Data: 16-02-2024 07:07:08 (UTC)
 Page: /blog/category/trading
 Error: Undefined variable $lastArticles
 File: /App/Views/martup/site/blog.tpl
 String: 52
--------------------------------------------------------------------------------------
Data: 16-02-2024 07:07:08 (UTC)
 Page: /blog/category/trading
 Error: foreach() argument must be of type array|object, null given
 File: /App/Views/martup/site/blog.tpl
 String: 52
--------------------------------------------------------------------------------------
Data: 16-02-2024 07:07:08 (UTC)
 Page: /blog/category/trading
 Error: Undefined variable $pagination
 File: /App/Views/martup/site/blog.tpl
 String: 74
--------------------------------------------------------------------------------------
Data: 16-02-2024 09:09:30 (UTC)
 Page: /portfolio/user/slav4ik
 Error: Trying to access array offset on value of type bool
 File: /App/Views/martup/site/page_portfolio.tpl
 String: 91
--------------------------------------------------------------------------------------
Data: 16-02-2024 10:32:15 (UTC)
 Page: /blog/category/finance
 Error: Undefined array key "keywords"
 File: /App/Controllers/BlogController.php
 String: 46
--------------------------------------------------------------------------------------
Data: 16-02-2024 10:32:15 (UTC)
 Page: /blog/category/finance
 Error: foreach() argument must be of type array|object, string given
 File: /App/Views/martup/site/blog.tpl
 String: 17
--------------------------------------------------------------------------------------
Data: 16-02-2024 10:32:15 (UTC)
 Page: /blog/category/finance
 Error: Undefined variable $lastArticles
 File: /App/Views/martup/site/blog.tpl
 String: 52
--------------------------------------------------------------------------------------
Data: 16-02-2024 10:32:15 (UTC)
 Page: /blog/category/finance
 Error: foreach() argument must be of type array|object, null given
 File: /App/Views/martup/site/blog.tpl
 String: 52
--------------------------------------------------------------------------------------
Data: 16-02-2024 10:32:15 (UTC)
 Page: /blog/category/finance
 Error: Undefined variable $pagination
 File: /App/Views/martup/site/blog.tpl
 String: 74
--------------------------------------------------------------------------------------
Data: 16-02-2024 11:35:01 (UTC)
 Page: /information
 Error: Undefined array key "info"
 File: /Core/Base/View.php
 String: 47
--------------------------------------------------------------------------------------
Data: 16-02-2024 11:35:01 (UTC)
 Page: /information
 Error: Trying to access array offset on value of type null
 File: /App/Controllers/InformationController.php
 String: 9
--------------------------------------------------------------------------------------
Data: 16-02-2024 14:40:54 (UTC)
 Page: /portfolio/user/l9782129417
 Error: Trying to access array offset on value of type bool
 File: /App/Views/martup/site/page_portfolio.tpl
 String: 91
--------------------------------------------------------------------------------------
Data: 16-02-2024 18:55:44 (UTC)
 Page: /vacancies/page/autista-magazziniere
 Error: Undefined variable $text_media
 File: /App/Views/martup/site/page_vacancies.tpl
 String: 135
--------------------------------------------------------------------------------------
Data: 16-02-2024 20:30:01 (UTC)
 Page: /adverts/page/CORSO_PER_ADDETTO_A_GDO_a_Milano
 Error: Undefined variable $test_drive
 File: /App/Views/martup/site/adverts.tpl
 String: 78
--------------------------------------------------------------------------------------
Data: 16-02-2024 20:30:14 (UTC)
 Page: /adverts/page/CORSO_PER_ADDETTO_A_GDO_a_Milano
 Error: Undefined variable $test_drive
 File: /App/Views/martup/site/adverts.tpl
 String: 78
--------------------------------------------------------------------------------------
Data: 16-02-2024 20:31:24 (UTC)
 Page: /adverts/page/CORSO_PER_ADDETTO_A_GDO_a_Milano
 Error: Undefined variable $test_drive
 File: /App/Views/martup/site/adverts.tpl
 String: 78
--------------------------------------------------------------------------------------
Data: 24-02-2024 11:03:05 (UTC)
 Page: /adverts/page/HARDWARE_DEVELOPMENT_ENGINEER
 Error: Undefined variable $test_drive
 File: /App/Views/martup/site/adverts.tpl
 String: 78
--------------------------------------------------------------------------------------
Data: 24-02-2024 11:55:01 (UTC)
 Page: /portfolio/printpdf/ana92tcaci
 Error: Trying to access array offset on value of type null
 File: /App/Controllers/PortfolioController.php
 String: 201
--------------------------------------------------------------------------------------
Data: 24-02-2024 11:55:01 (UTC)
 Page: /portfolio/printpdf/ana92tcaci
 Error: Trying to access array offset on value of type null
 File: /App/Controllers/PortfolioController.php
 String: 213
--------------------------------------------------------------------------------------
Data: 24-02-2024 11:55:01 (UTC)
 Page: /portfolio/printpdf/ana92tcaci
 Error: Trying to access array offset on value of type null
 File: /App/Controllers/PortfolioController.php
 String: 242
--------------------------------------------------------------------------------------
Data: 24-02-2024 11:55:01 (UTC)
 Page: /portfolio/printpdf/ana92tcaci
 Error: Trying to access array offset on value of type null
 File: /App/Controllers/PortfolioController.php
 String: 256
--------------------------------------------------------------------------------------
Data: 24-02-2024 11:55:01 (UTC)
 Page: /portfolio/printpdf/ana92tcaci
 Error: Trying to access array offset on value of type null
 File: /App/Controllers/PortfolioController.php
 String: 268
--------------------------------------------------------------------------------------
Data: 24-02-2024 11:55:01 (UTC)
 Page: /portfolio/printpdf/ana92tcaci
 Error: Undefined array key "marital_status_no"
 File: /App/Controllers/PortfolioController.php
 String: 273
--------------------------------------------------------------------------------------
Data: 24-02-2024 11:55:01 (UTC)
 Page: /portfolio/printpdf/ana92tcaci
 Error: Undefined variable $documents
 File: /App/Controllers/PortfolioController.php
 String: 405
--------------------------------------------------------------------------------------
Data: 24-02-2024 11:55:07 (UTC)
 Page: /profile/edit
 Error: Trying to access array offset on value of type null
 File: /App/Controllers/ProfileController.php
 String: 126
--------------------------------------------------------------------------------------
Data: 24-02-2024 11:55:07 (UTC)
 Page: /profile/edit
 Error: Trying to access array offset on value of type null
 File: /App/Controllers/ProfileController.php
 String: 136
--------------------------------------------------------------------------------------
Data: 24-02-2024 14:17:47 (UTC)
 Page: /portfolio/printpdf/DmytroIamkovyi
 Error: Trying to access array offset on value of type null
 File: /App/Controllers/PortfolioController.php
 String: 201
--------------------------------------------------------------------------------------
Data: 24-02-2024 14:17:47 (UTC)
 Page: /portfolio/printpdf/DmytroIamkovyi
 Error: Trying to access array offset on value of type null
 File: /App/Controllers/PortfolioController.php
 String: 213
--------------------------------------------------------------------------------------
Data: 24-02-2024 14:17:47 (UTC)
 Page: /portfolio/printpdf/DmytroIamkovyi
 Error: Trying to access array offset on value of type null
 File: /App/Controllers/PortfolioController.php
 String: 242
--------------------------------------------------------------------------------------
Data: 24-02-2024 14:17:47 (UTC)
 Page: /portfolio/printpdf/DmytroIamkovyi
 Error: Trying to access array offset on value of type null
 File: /App/Controllers/PortfolioController.php
 String: 256
--------------------------------------------------------------------------------------
Data: 24-02-2024 14:17:47 (UTC)
 Page: /portfolio/printpdf/DmytroIamkovyi
 Error: Trying to access array offset on value of type null
 File: /App/Controllers/PortfolioController.php
 String: 268
--------------------------------------------------------------------------------------
Data: 24-02-2024 14:17:47 (UTC)
 Page: /portfolio/printpdf/DmytroIamkovyi
 Error: Undefined array key "marital_status_no"
 File: /App/Controllers/PortfolioController.php
 String: 273
--------------------------------------------------------------------------------------
Data: 24-02-2024 14:17:47 (UTC)
 Page: /portfolio/printpdf/DmytroIamkovyi
 Error: Undefined variable $documents
 File: /App/Controllers/PortfolioController.php
 String: 405
--------------------------------------------------------------------------------------
Data: 24-02-2024 15:39:01 (UTC)
 Page: /portfolio/printpdf/AlexCernit
 Error: Trying to access array offset on value of type null
 File: /App/Controllers/PortfolioController.php
 String: 201
--------------------------------------------------------------------------------------
Data: 24-02-2024 15:39:01 (UTC)
 Page: /portfolio/printpdf/AlexCernit
 Error: Trying to access array offset on value of type null
 File: /App/Controllers/PortfolioController.php
 String: 213
--------------------------------------------------------------------------------------
Data: 24-02-2024 15:39:01 (UTC)
 Page: /portfolio/printpdf/AlexCernit
 Error: Trying to access array offset on value of type null
 File: /App/Controllers/PortfolioController.php
 String: 242
--------------------------------------------------------------------------------------
Data: 24-02-2024 15:39:01 (UTC)
 Page: /portfolio/printpdf/AlexCernit
 Error: Trying to access array offset on value of type null
 File: /App/Controllers/PortfolioController.php
 String: 256
--------------------------------------------------------------------------------------
Data: 24-02-2024 15:39:01 (UTC)
 Page: /portfolio/printpdf/AlexCernit
 Error: Trying to access array offset on value of type null
 File: /App/Controllers/PortfolioController.php
 String: 268
--------------------------------------------------------------------------------------
Data: 24-02-2024 15:39:01 (UTC)
 Page: /portfolio/printpdf/AlexCernit
 Error: Undefined variable $documents
 File: /App/Controllers/PortfolioController.php
 String: 405
--------------------------------------------------------------------------------------
Data: 24-02-2024 15:39:02 (UTC)
 Page: /profile/edit
 Error: Trying to access array offset on value of type null
 File: /App/Controllers/ProfileController.php
 String: 126
--------------------------------------------------------------------------------------
Data: 24-02-2024 15:39:02 (UTC)
 Page: /profile/edit
 Error: Trying to access array offset on value of type null
 File: /App/Controllers/ProfileController.php
 String: 136
--------------------------------------------------------------------------------------
Data: 24-02-2024 16:02:34 (UTC)
 Page: /adverts/page/RESPONSABILE_UFFICIO_TECNICO_%E2%80%93_Mestrino_(Pd)
 Error: Undefined variable $test_drive
 File: /App/Views/martup/site/adverts.tpl
 String: 78
--------------------------------------------------------------------------------------
Data: 24-02-2024 16:02:35 (UTC)
 Page: /adverts/page/addetti_e_pulizie_civili_ed_industriali_%E2%80%93_treviso
 Error: Undefined variable $test_drive
 File: /App/Views/martup/site/adverts.tpl
 String: 78
--------------------------------------------------------------------------------------
Data: 24-02-2024 16:02:37 (UTC)
 Page: /adverts/page/sales_assistant_ft_%E2%80%93_abbigliamento_premium_-treviso
 Error: Undefined variable $test_drive
 File: /App/Views/martup/site/adverts.tpl
 String: 78
--------------------------------------------------------------------------------------
Data: 24-02-2024 17:01:27 (UTC)
 Page: /contacts
 Error: Undefined variable $actions
 File: /Core/Base/Controller.php
 String: 91
--------------------------------------------------------------------------------------
Data: 24-02-2024 17:01:27 (UTC)
 Page: /contacts
 Error: Trying to access array offset on value of type null
 File: /Core/Base/Controller.php
 String: 91
--------------------------------------------------------------------------------------
Data: 24-02-2024 17:01:27 (UTC)
 Page: /contacts
 Error: Undefined variable $authUser
 File: /App/Views/martup/site/contacts.tpl
 String: 84
--------------------------------------------------------------------------------------
Data: 24-02-2024 17:01:27 (UTC)
 Page: /contacts
 Error: Undefined variable $keywords
 File: /App/Templates/martup/martup.tpl
 String: 8
--------------------------------------------------------------------------------------
Data: 24-02-2024 17:01:27 (UTC)
 Page: /contacts
 Error: Undefined variable $og_img
 File: /App/Templates/martup/martup.tpl
 String: 14
--------------------------------------------------------------------------------------
Data: 24-02-2024 17:01:27 (UTC)
 Page: /contacts
 Error: Undefined variable $keywords
 File: /App/Templates/martup/martup.tpl
 String: 16
--------------------------------------------------------------------------------------
Data: 24-02-2024 17:02:07 (UTC)
 Page: /lang/it
 Error: Undefined array key "HTTP_REFERER"
 File: /App/Controllers/LangController.php
 String: 6
--------------------------------------------------------------------------------------
Data: 24-02-2024 17:02:27 (UTC)
 Page: /lang/en
 Error: Undefined array key "HTTP_REFERER"
 File: /App/Controllers/LangController.php
 String: 6
--------------------------------------------------------------------------------------
Data: 24-02-2024 17:03:08 (UTC)
 Page: /lang/ru
 Error: Undefined array key "HTTP_REFERER"
 File: /App/Controllers/LangController.php
 String: 6
--------------------------------------------------------------------------------------
Data: 24-02-2024 17:30:33 (UTC)
 Page: /blog/category/internet
 Error: Undefined array key "keywords"
 File: /App/Controllers/BlogController.php
 String: 46
--------------------------------------------------------------------------------------
Data: 24-02-2024 17:30:33 (UTC)
 Page: /blog/category/internet
 Error: foreach() argument must be of type array|object, string given
 File: /App/Views/martup/site/blog.tpl
 String: 17
--------------------------------------------------------------------------------------
Data: 24-02-2024 17:30:33 (UTC)
 Page: /blog/category/internet
 Error: Undefined variable $lastArticles
 File: /App/Views/martup/site/blog.tpl
 String: 52
--------------------------------------------------------------------------------------
Data: 24-02-2024 17:30:33 (UTC)
 Page: /blog/category/internet
 Error: foreach() argument must be of type array|object, null given
 File: /App/Views/martup/site/blog.tpl
 String: 52
--------------------------------------------------------------------------------------
Data: 24-02-2024 17:30:33 (UTC)
 Page: /blog/category/internet
 Error: Undefined variable $pagination
 File: /App/Views/martup/site/blog.tpl
 String: 74
--------------------------------------------------------------------------------------
Data: 24-02-2024 17:46:06 (UTC)
 Page: /blog/category/work
 Error: Undefined array key "keywords"
 File: /App/Controllers/BlogController.php
 String: 46
--------------------------------------------------------------------------------------
Data: 24-02-2024 17:51:55 (UTC)
 Page: /information/page/index.html
 Error: Trying to access array offset on value of type bool
 File: /App/Controllers/InformationController.php
 String: 33
--------------------------------------------------------------------------------------
Data: 24-02-2024 17:51:55 (UTC)
 Page: /information/page/index.html
 Error: Trying to access array offset on value of type bool
 File: /App/Controllers/InformationController.php
 String: 34
--------------------------------------------------------------------------------------
Data: 24-02-2024 17:51:55 (UTC)
 Page: /information/page/index.html
 Error: Trying to access array offset on value of type bool
 File: /App/Controllers/InformationController.php
 String: 35
--------------------------------------------------------------------------------------
Data: 24-02-2024 17:51:55 (UTC)
 Page: /information/page/index.html
 Error: Trying to access array offset on value of type bool
 File: /App/Views/martup/site/full_information.tpl
 String: 22
--------------------------------------------------------------------------------------
Data: 24-02-2024 17:51:55 (UTC)
 Page: /information/page/index.html
 Error: Trying to access array offset on value of type bool
 File: /App/Views/martup/site/full_information.tpl
 String: 23
--------------------------------------------------------------------------------------
Data: 24-02-2024 19:02:35 (UTC)
 Page: /blog/category/Driving_licenset_heory
 Error: Undefined array key "keywords"
 File: /App/Controllers/BlogController.php
 String: 46
--------------------------------------------------------------------------------------
Data: 24-02-2024 19:02:35 (UTC)
 Page: /blog/category/Driving_licenset_heory
 Error: foreach() argument must be of type array|object, string given
 File: /App/Views/martup/site/blog.tpl
 String: 17
--------------------------------------------------------------------------------------
Data: 24-02-2024 19:02:35 (UTC)
 Page: /blog/category/Driving_licenset_heory
 Error: Undefined variable $lastArticles
 File: /App/Views/martup/site/blog.tpl
 String: 52
--------------------------------------------------------------------------------------
Data: 24-02-2024 19:02:35 (UTC)
 Page: /blog/category/Driving_licenset_heory
 Error: foreach() argument must be of type array|object, null given
 File: /App/Views/martup/site/blog.tpl
 String: 52
--------------------------------------------------------------------------------------
Data: 24-02-2024 19:02:35 (UTC)
 Page: /blog/category/Driving_licenset_heory
 Error: Undefined variable $pagination
 File: /App/Views/martup/site/blog.tpl
 String: 74
--------------------------------------------------------------------------------------
Data: 24-02-2024 20:33:55 (UTC)
 Page: /information
 Error: Undefined array key "info"
 File: /Core/Base/View.php
 String: 47
--------------------------------------------------------------------------------------
Data: 24-02-2024 20:33:55 (UTC)
 Page: /information
 Error: Trying to access array offset on value of type null
 File: /App/Controllers/InformationController.php
 String: 9
--------------------------------------------------------------------------------------
Data: 24-02-2024 23:21:34 (UTC)
 Page: /contacts
 Error: Undefined variable $actions
 File: /Core/Base/Controller.php
 String: 91
--------------------------------------------------------------------------------------
Data: 24-02-2024 23:21:34 (UTC)
 Page: /contacts
 Error: Trying to access array offset on value of type null
 File: /Core/Base/Controller.php
 String: 91
--------------------------------------------------------------------------------------
Data: 24-02-2024 23:21:34 (UTC)
 Page: /contacts
 Error: Undefined variable $authUser
 File: /App/Views/martup/site/contacts.tpl
 String: 84
--------------------------------------------------------------------------------------
Data: 24-02-2024 23:21:34 (UTC)
 Page: /contacts
 Error: Undefined variable $keywords
 File: /App/Templates/martup/martup.tpl
 String: 8
--------------------------------------------------------------------------------------
Data: 24-02-2024 23:21:34 (UTC)
 Page: /contacts
 Error: Undefined variable $og_img
 File: /App/Templates/martup/martup.tpl
 String: 14
--------------------------------------------------------------------------------------
Data: 24-02-2024 23:21:34 (UTC)
 Page: /contacts
 Error: Undefined variable $keywords
 File: /App/Templates/martup/martup.tpl
 String: 16
--------------------------------------------------------------------------------------
Data: 25-02-2024 20:24:15 (UTC)
 Page: /adverts/page/AIUTO_HELP-DESK_INFORMATICO
 Error: Undefined variable $test_drive
 File: /App/Views/martup/site/adverts.tpl
 String: 78
--------------------------------------------------------------------------------------
